#0 building with "desktop-linux" instance using docker driver

#1 [internal] load build definition from Dockerfile
#1 transferring dockerfile: 554B done
#1 DONE 0.0s

#2 [internal] load metadata for docker.io/library/alpine:latest
#2 DONE 0.8s

#3 [internal] load metadata for docker.io/library/golang:1.25.5-alpine
#3 DONE 0.8s

#4 [internal] load .dockerignore
#4 transferring context: 2B done
#4 DONE 0.0s

#5 [builder 1/7] FROM docker.io/library/golang:1.25.5-alpine@sha256:26111811bc967321e7b6f852e914d14bede324cd1accb7f81811929a6a57fea9
#5 resolve docker.io/library/golang:1.25.5-alpine@sha256:26111811bc967321e7b6f852e914d14bede324cd1accb7f81811929a6a57fea9 0.0s done
#5 DONE 0.0s

#6 [stage-1 1/4] FROM docker.io/library/alpine:latest@sha256:51183f2cfa6320055da30872f211093f9ff1d3cf06f39a0bdb212314c5dc7375
#6 resolve docker.io/library/alpine:latest@sha256:51183f2cfa6320055da30872f211093f9ff1d3cf06f39a0bdb212314c5dc7375 0.0s done
#6 DONE 0.0s

#7 [stage-1 2/4] RUN apk --no-cache add ca-certificates
#7 CACHED

#8 [stage-1 3/4] WORKDIR /root/
#8 CACHED

#9 [internal] load build context
#9 transferring context: 1.85kB 0.0s done
#9 DONE 0.0s

#10 [builder 3/7] RUN apk add --no-cache git
#10 CACHED

#11 [builder 2/7] WORKDIR /app
#11 CACHED

#12 [builder 4/7] COPY go.mod go.sum ./
#12 CACHED

#13 [builder 5/7] RUN go mod download
#13 0.354 go: github.com/traP-jp/plutus/api/protobuf@v0.0.0-00010101000000-000000000000 (replaced by ./api/protobuf): reading api/protobuf/go.mod: open /app/api/protobuf/go.mod: no such file or directory
#13 ERROR: process "/bin/sh -c go mod download" did not complete successfully: exit code: 1
------
 > [builder 5/7] RUN go mod download:
0.354 go: github.com/traP-jp/plutus/api/protobuf@v0.0.0-00010101000000-000000000000 (replaced by ./api/protobuf): reading api/protobuf/go.mod: open /app/api/protobuf/go.mod: no such file or directory
------
Dockerfile:10
--------------------
   8 |     # Copy go.mod and go.sum first for better caching
   9 |     COPY go.mod go.sum ./
  10 | >>> RUN go mod download
  11 |     
  12 |     # Copy source code
--------------------
ERROR: failed to solve: process "/bin/sh -c go mod download" did not complete successfully: exit code: 1
